[debug] [2024-08-06T18:12:52.595Z] ----------------------------------------------------------------------
[debug] [2024-08-06T18:12:52.609Z] Command:       /usr/bin/node-20 /usr/local/bin/firebase init
[debug] [2024-08-06T18:12:52.610Z] CLI Version:   13.15.0
[debug] [2024-08-06T18:12:52.612Z] Platform:      linux
[debug] [2024-08-06T18:12:52.612Z] Node Version:  v20.12.2
[debug] [2024-08-06T18:12:52.612Z] Time:          Tue Aug 06 2024 15:12:52 GMT-0300 (Horário Padrão de Brasília)
[debug] [2024-08-06T18:12:52.613Z] ----------------------------------------------------------------------
[debug] 
[debug] [2024-08-06T18:12:52.624Z] > command requires scopes: ["email","openid","https://www.googleapis.com/auth/cloudplatformprojects.readonly","https://www.googleapis.com/auth/firebase","https://www.googleapis.com/auth/cloud-platform"]
[debug] [2024-08-06T18:12:52.625Z] > authorizing via signed-in user (leticiaschiffel11@gmail.com)
[info] 
     ######## #### ########  ######## ########     ###     ######  ########
     ##        ##  ##     ## ##       ##     ##  ##   ##  ##       ##
     ######    ##  ########  ######   ########  #########  ######  ######
     ##        ##  ##    ##  ##       ##     ## ##     ##       ## ##
     ##       #### ##     ## ######## ########  ##     ##  ######  ########

You're about to initialize a Firebase project in this directory:

  /home/nobodydev/Downloads/FirebaseGoogle/calculator

[info] 
=== Project Setup
[info] 
[info] First, let's associate this project directory with a Firebase project.
[info] You can create multiple project aliases by running firebase use --add, 
[info] but for now we'll just set up a default project.
[info] 
[debug] [2024-08-06T18:13:07.337Z] >>> [apiv2][query] GET https://firebase.googleapis.com/v1beta1/projects pageSize=100
[debug] [2024-08-06T18:13:08.174Z] <<< [apiv2][status] GET https://firebase.googleapis.com/v1beta1/projects 200
[debug] [2024-08-06T18:13:08.178Z] <<< [apiv2][body] GET https://firebase.googleapis.com/v1beta1/projects [omitted]
[info] i  Using project calculatorhosting-fd5ab (CalculatorHosting) 
[info] 
=== Hosting Setup
[debug] [2024-08-06T18:13:12.015Z] >>> [apiv2][query] GET https://firebase.googleapis.com/v1beta1/projects/calculatorhosting-fd5ab [none]
[debug] [2024-08-06T18:13:12.306Z] <<< [apiv2][status] GET https://firebase.googleapis.com/v1beta1/projects/calculatorhosting-fd5ab 200
[debug] [2024-08-06T18:13:12.308Z] <<< [apiv2][body] GET https://firebase.googleapis.com/v1beta1/projects/calculatorhosting-fd5ab {"projectId":"calculatorhosting-fd5ab","projectNumber":"256525239672","displayName":"CalculatorHosting","name":"projects/calculatorhosting-fd5ab","resources":{"hostingSite":"calculatorhosting-fd5ab"},"state":"ACTIVE","etag":"1_e7b8ae82-a4c5-491a-adb6-ef9732b36eb7"}
[info] 
[info] Your public directory is the folder (relative to your project directory) that
[info] will contain Hosting assets to be uploaded with firebase deploy. If you
[info] have a build process for your assets, use your build's output directory.
[info] 
[debug] [2024-08-06T18:15:38.672Z] >>> [apiv2][query] GET https://www.gstatic.com/firebasejs/releases.json [none]
[debug] [2024-08-06T18:15:38.781Z] <<< [apiv2][status] GET https://www.gstatic.com/firebasejs/releases.json 200
[debug] [2024-08-06T18:15:38.781Z] <<< [apiv2][body] GET https://www.gstatic.com/firebasejs/releases.json {"current":{"version":"10.12.5","browserURL":"https://www.gstatic.com/firebasejs/10.12.5/firebase.js","packageURL":"https://www.gstatic.com/firebasejs/10.12.5/firebase.tgz"},"live":{"version":"10.12","browserURL":"https://www.gstatic.com/firebasejs/live/10.12/firebase.js","packageURL":"https://www.gstatic.com/firebasejs/live/10.12/firebase.tgz"},"components":{"analytics":"https://www.gstatic.com/firebasejs/10.12.5/firebase-analytics.js","app":"https://www.gstatic.com/firebasejs/10.12.5/firebase-app.js","app-check":"https://www.gstatic.com/firebasejs/10.12.5/firebase-app-check.js","auth":"https://www.gstatic.com/firebasejs/10.12.5/firebase-auth.js","auth/cordova":"https://www.gstatic.com/firebasejs/10.12.5/firebase-auth/cordova.js","auth/web-extension":"https://www.gstatic.com/firebasejs/10.12.5/firebase-auth/web-extension.js","functions":"https://www.gstatic.com/firebasejs/10.12.5/firebase-functions.js","firestore":"https://www.gstatic.com/firebasejs/10.12.5/firebase-firestore.js","firestore/lite":"https://www.gstatic.com/firebasejs/10.12.5/firebase-firestore/lite.js","installations":"https://www.gstatic.com/firebasejs/10.12.5/firebase-installations.js","storage":"https://www.gstatic.com/firebasejs/10.12.5/firebase-storage.js","performance":"https://www.gstatic.com/firebasejs/10.12.5/firebase-performance.js","remote-config":"https://www.gstatic.com/firebasejs/10.12.5/firebase-remote-config.js","messaging":"https://www.gstatic.com/firebasejs/10.12.5/firebase-messaging.js","messaging/sw":"https://www.gstatic.com/firebasejs/10.12.5/firebase-messaging/sw.js","database":"https://www.gstatic.com/firebasejs/10.12.5/firebase-database.js","vertexai-preview":"https://www.gstatic.com/firebasejs/10.12.5/firebase-vertexai-preview.js","firestore.memory":"https://www.gstatic.com/firebasejs/10.12.5/firebase-firestore.memory.js"}}
[info] i  Skipping write of build/index.html 
[info] 
[info] i  Detected a .git folder at /home/nobodydev/Downloads/FirebaseGoogle/calculator 
[info] i  Authorizing with GitHub to upload your service account to a GitHub repository's secrets store. 
[info] 
[info] Visit this URL on this device to log in:
[info] https://github.com/login/oauth/authorize?client_id=89cf50f02ac6aaed3484&state=1066513504&redirect_uri=http%3A%2F%2Flocalhost%3A9005&scope=read%3Auser%20repo%20public_repo
[info] 
[info] Waiting for authentication...
[debug] [2024-08-06T18:15:54.745Z] >>> [apiv2][query] POST https://github.com/login/oauth/access_token [none]
[debug] [2024-08-06T18:15:54.761Z] >>> [apiv2][body] POST https://github.com/login/oauth/access_token [stream]
[debug] [2024-08-06T18:15:55.209Z] <<< [apiv2][status] POST https://github.com/login/oauth/access_token 200
[debug] [2024-08-06T18:15:55.211Z] <<< [apiv2][body] POST https://github.com/login/oauth/access_token {"access_token":"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","token_type":"bearer","scope":"read:user,repo"}
[debug] [2024-08-06T18:15:55.250Z] >>> [apiv2][query] GET https://api.github.com/user [none]
[debug] [2024-08-06T18:15:55.703Z] <<< [apiv2][status] GET https://api.github.com/user 200
[debug] [2024-08-06T18:15:55.717Z] <<< [apiv2][body] GET https://api.github.com/user {"login":"NobodyLDev","id":157828711,"node_id":"U_kgDOCWhGZw","avatar_url":"https://avatars.githubusercontent.com/u/157828711?v=4","gravatar_id":"","url":"https://api.github.com/users/NobodyLDev","html_url":"https://github.com/NobodyLDev","followers_url":"https://api.github.com/users/NobodyLDev/followers","following_url":"https://api.github.com/users/NobodyLDev/following{/other_user}","gists_url":"https://api.github.com/users/NobodyLDev/gists{/gist_id}","starred_url":"https://api.github.com/users/NobodyLDev/starred{/owner}{/repo}","subscriptions_url":"https://api.github.com/users/NobodyLDev/subscriptions","organizations_url":"https://api.github.com/users/NobodyLDev/orgs","repos_url":"https://api.github.com/users/NobodyLDev/repos","events_url":"https://api.github.com/users/NobodyLDev/events{/privacy}","received_events_url":"https://api.github.com/users/NobodyLDev/received_events","type":"User","site_admin":false,"name":"Schiffel","company":null,"blog":"","location":"Brazil","email":null,"hireable":null,"bio":"HI guys! i'm a begginer dev! feel free to explore my profile :) and freel free to contact me for suggestions or corrections.","twitter_username":null,"notification_email":null,"public_repos":8,"public_gists":0,"followers":1,"following":1,"created_at":"2024-01-26T16:44:56Z","updated_at":"2024-08-05T17:09:41Z","private_gists":0,"total_private_repos":3,"owned_private_repos":3,"disk_usage":63163,"collaborators":0,"two_factor_authentication":false,"plan":{"name":"free","space":976562499,"collaborators":0,"private_repos":10000}}
[info] 
[info] ✔  Success! Logged into GitHub as NobodyLDev 
[info] 
